<?xml version="1.0" encoding="UTF-8"?>
<!-- Generated by org.testng.reporters.JUnitReportReporter -->
<testsuite hostname="ADMIN-PC" name="example.NewClass" tests="1" failures="0" timestamp="27 Mar 2021 23:42:01 GMT" time="10.745" errors="0">
  <testcase name="TEST_2" time="10.745" classname="example.NewClass"/>
</testsuite> <!-- example.NewClass -->
