<?xml version="1.0" encoding="UTF-8"?>
<!-- Generated by org.testng.reporters.JUnitReportReporter -->
<testsuite hostname="ADMIN-PC" name="example.NewTest" tests="2" failures="0" timestamp="20 Feb 2021 20:36:51 GMT" time="18.568" errors="0">
  <testcase name="testEasy" time="9.541" classname="example.NewTest"/>
  <testcase name="testtwo" time="9.027" classname="example.NewTest"/>
</testsuite> <!-- example.NewTest -->
